#
# A fatal error has been detected by the Java Runtime Environment:
#
#  EXCEPTION_ACCESS_VIOLATION (0xc0000005) at pc=0x06c8c585, pid=4524, tid=4440
#
# JRE version: 6.0_17-b04
# Java VM: Java HotSpot(TM) Client VM (14.3-b01 mixed mode windows-x86 )
# Problematic frame:
# V  [jvm.dll+0xfc585]
#
# If you would like to submit a bug report, please visit:
#   http://java.sun.com/webapps/bugreport/crash.jsp
#

---------------  T H R E A D  ---------------

Current thread (0x4ec9a400):  JavaThread "Code Analyzer updating thread" [_thread_in_vm, id=4440, stack(0x54f00000,0x54f80000)]

siginfo: ExceptionCode=0xc0000005, reading address 0x00000000

Registers:
EAX=0x00000000, EBX=0x4ec9a510, ECX=0x4ec9a400, EDX=0x06da67a4
ESP=0x54f7f028, EBP=0x54f7f070, ESI=0x4ec9a400, EDI=0x00000000
EIP=0x06c8c585, EFLAGS=0x00010246

Top of Stack: (sp=0x54f7f028)
0x54f7f028:   5639e250 4ec9a510 73f02fba 54f7f0cc
0x54f7f038:   06d7dff0 06d7f2f0 ffffffff 54f7f054
0x54f7f048:   06b910e0 4ec9a400 54f7fc54 54f7f084
0x54f7f058:   06c8f5b9 4ec9a400 4ec9a400 4ec6736c
0x54f7f068:   000004bb 06da67a4 54f7f088 73f010fd
0x54f7f078:   4ec9a510 5639e250 00000000 54f7f09c
0x54f7f088:   54f7fa78 73f02fea 4ec9a510 5639e250
0x54f7f098:   00000000 00242dc7 54f7fa6c 54f7f33c 

Instructions: (pc=0x06c8c585)
0x06c8c575:   00 00 00 74 08 8d 4d f0 e8 3e 24 08 00 8b 7d 10
0x06c8c585:   8b 07 c7 45 e0 0c 00 00 00 8b 48 08 0f b7 51 26 


Stack: [0x54f00000,0x54f80000],  sp=0x54f7f028,  free space=508k
Native frames: (J=compiled Java code, j=interpreted, Vv=VM code, C=native code)
V  [jvm.dll+0xfc585]
C  0x73f010fd
C  0x73f02fea
j  com.mathworks.widgets.text.mcode.MLint.nativeGetMessages(Ljava/lang/String;Ljava/lang/String;)Ljava/util/List;+0
j  com.mathworks.widgets.text.mcode.MLint.getMessages(Ljava/lang/String;Ljava/lang/String;Lcom/mathworks/widgets/text/mcode/MLintConfiguration;Z)Ljava/util/List;+67
j  com.mathworks.widgets.text.mcode.analyzer.CodeAnalyzerThread.doMLint()V+95
j  com.mathworks.widgets.text.mcode.analyzer.CodeAnalyzerThread.access$400(Lcom/mathworks/widgets/text/mcode/analyzer/CodeAnalyzerThread;)V+1
j  com.mathworks.widgets.text.mcode.analyzer.CodeAnalyzerThread$MLintRunnable.run()V+14
j  java.lang.Thread.run()V+11
v  ~StubRoutines::call_stub
V  [jvm.dll+0xecf9c]
V  [jvm.dll+0x1741d1]
V  [jvm.dll+0xed167]
V  [jvm.dll+0xed1dd]
V  [jvm.dll+0x116290]
V  [jvm.dll+0x1d0414]
V  [jvm.dll+0x173e4c]
C  0x7d919565
C  [kernel32.dll+0x4ee6c]
C  [ntdll.dll+0x63ab3]
C  [ntdll.dll+0x63a86]

Java frames: (J=compiled Java code, j=interpreted, Vv=VM code)
j  com.mathworks.widgets.text.mcode.MLint.nativeGetMessages(Ljava/lang/String;Ljava/lang/String;)Ljava/util/List;+0
j  com.mathworks.widgets.text.mcode.MLint.getMessages(Ljava/lang/String;Ljava/lang/String;Lcom/mathworks/widgets/text/mcode/MLintConfiguration;Z)Ljava/util/List;+67
j  com.mathworks.widgets.text.mcode.analyzer.CodeAnalyzerThread.doMLint()V+95
j  com.mathworks.widgets.text.mcode.analyzer.CodeAnalyzerThread.access$400(Lcom/mathworks/widgets/text/mcode/analyzer/CodeAnalyzerThread;)V+1
j  com.mathworks.widgets.text.mcode.analyzer.CodeAnalyzerThread$MLintRunnable.run()V+14
j  java.lang.Thread.run()V+11
v  ~StubRoutines::call_stub

---------------  P R O C E S S  ---------------

Java Threads: ( => current thread )
  0x4ec9a800 JavaThread "Image Fetcher 0" daemon [_thread_blocked, id=5220, stack(0x55000000,0x55080000)]
=>0x4ec9a400 JavaThread "Code Analyzer updating thread" [_thread_in_vm, id=4440, stack(0x54f00000,0x54f80000)]
  0x4ec99000 JavaThread "XPCOMThread" [_thread_in_native, id=5984, stack(0x66720000,0x66f20000)]
  0x4ec9bc00 JavaThread "Browser Events Thread" daemon [_thread_blocked, id=2212, stack(0x4eff0000,0x4f070000)]
  0x4ec9e800 JavaThread "com.jniwrapper.NativeResourceCollector" daemon [_thread_blocked, id=5696, stack(0x4ede0000,0x4ee60000)]
  0x4ec99c00 JavaThread "XPCOM" daemon [_thread_in_native, id=3092, stack(0x4c950000,0x4c9d0000)]
  0x4ec9c000 JavaThread "Thread-1057" daemon [_thread_in_native, id=5124, stack(0x4c770000,0x4c7f0000)]
  0x4e4b1c00 JavaThread "Explorer NavigationContext request queue" daemon [_thread_blocked, id=3824, stack(0x4c6f0000,0x4c770000)]
  0x4ec9c800 JavaThread "Code Analyzer updating thread" [_thread_blocked, id=4116, stack(0x4cc10000,0x4cc90000)]
  0x4ec9b400 JavaThread "Code Analyzer updating thread" [_thread_blocked, id=5632, stack(0x4cb90000,0x4cc10000)]
  0x4e4b0c00 JavaThread "Code Analyzer updating thread" [_thread_blocked, id=4224, stack(0x4c850000,0x4c8d0000)]
  0x4e4b4800 JavaThread "Code Analyzer updating thread" [_thread_blocked, id=3008, stack(0x0f560000,0x0f5e0000)]
  0x4ec9f400 JavaThread "pool-2-thread-1" [_thread_blocked, id=5132, stack(0x0eef0000,0x0ef70000)]
  0x4ec9d400 JavaThread "Timer-InstrumentReadWritePoll" [_thread_blocked, id=5744, stack(0x0edb0000,0x0ee30000)]
  0x4ec9e000 JavaThread "pool-3-thread-1" [_thread_blocked, id=4844, stack(0x0e9e0000,0x0ea60000)]
  0x4ec9dc00 JavaThread "Foxtrot Single Worker Thread #1" daemon [_thread_blocked, id=220, stack(0x0eae0000,0x0eb60000)]
  0x4ec9b000 JavaThread "Prefs Updater" daemon [_thread_blocked, id=1148, stack(0x08e40000,0x08ec0000)]
  0x4e4b5400 JavaThread "ClipboardMonitor Timer" daemon [_thread_blocked, id=3776, stack(0x55100000,0x55180000)]
  0x4e4b4c00 JavaThread "Code Analyzer updating thread" [_thread_blocked, id=3496, stack(0x55080000,0x55100000)]
  0x4e4b4000 JavaThread "Active Reference Queue Daemon" daemon [_thread_blocked, id=5368, stack(0x54f80000,0x55000000)]
  0x4e4b2800 JavaThread "Timer-1" daemon [_thread_blocked, id=3808, stack(0x54680000,0x54700000)]
  0x4e4b3000 JavaThread "Swing-Shell" daemon [_thread_blocked, id=1152, stack(0x54700000,0x54780000)]
  0x4e4b1800 JavaThread "AddressBar directory emptiness poller" daemon [_thread_blocked, id=4292, stack(0x54500000,0x54580000)]
  0x4e4b1000 JavaThread "Explorer Refresh Service 21533658" daemon [_thread_blocked, id=4488, stack(0x0f8f0000,0x0f970000)]
  0x4e4b0400 JavaThread "Thread-4" daemon [_thread_blocked, id=5128, stack(0x51aa0000,0x51b20000)]
  0x4e4af800 JavaThread "TimerQueue" daemon [_thread_blocked, id=4796, stack(0x0fe70000,0x0fef0000)]
  0x4e4af400 JavaThread "Thread-3" daemon [_thread_blocked, id=4612, stack(0x4fae0000,0x4fb60000)]
  0x4e4aec00 JavaThread "AWT-EventQueue-0" [_thread_blocked, id=4620, stack(0x4fa60000,0x4fae0000)]
  0x4e4ae800 JavaThread "AWT-Shutdown" [_thread_blocked, id=4616, stack(0x4f760000,0x4f7e0000)]
  0x4e4ae000 JavaThread "FelixPackageAdmin" daemon [_thread_blocked, id=4048, stack(0x4f960000,0x4f9e0000)]
  0x4e49d800 JavaThread "FelixStartLevel" daemon [_thread_blocked, id=4052, stack(0x4f8e0000,0x4f960000)]
  0x4e49d000 JavaThread "FelixDispatchQueue" daemon [_thread_blocked, id=4064, stack(0x4f7e0000,0x4f860000)]
  0x0da56000 JavaThread "com.google.common.base.internal.Finalizer" daemon [_thread_blocked, id=1684, stack(0x4f5e0000,0x4f660000)]
  0x0da54c00 JavaThread "AWT-Windows" daemon [_thread_in_native, id=552, stack(0x0fef0000,0x0ff70000)]
  0x4e2d8000 JavaThread "Java2D Disposer" daemon [_thread_blocked, id=1836, stack(0x0fdf0000,0x0fe70000)]
  0x4de8b800 JavaThread "Timer-0" [_thread_blocked, id=5980, stack(0x0fab0000,0x0fb30000)]
  0x4d26f400 JavaThread "EventMgr Dispatcher" daemon [_thread_in_native, id=5976, stack(0x4d610000,0x4de10000)]
  0x0da20400 JavaThread "Low Memory Detector" daemon [_thread_blocked, id=5864, stack(0x0dc10000,0x0dc90000)]
  0x0971e000 JavaThread "CompilerThread0" daemon [_thread_blocked, id=5860, stack(0x0d210000,0x0da10000)]
  0x09715800 JavaThread "Attach Listener" daemon [_thread_blocked, id=5856, stack(0x0d190000,0x0d210000)]
  0x096dd800 JavaThread "Finalizer" daemon [_thread_blocked, id=5660, stack(0x0d110000,0x0d190000)]
  0x096dc000 JavaThread "Reference Handler" daemon [_thread_blocked, id=5656, stack(0x0d090000,0x0d110000)]
  0x05c4f800 JavaThread "main" [_thread_in_native, id=4528, stack(0x00430000,0x00c30000)]

Other Threads:
  0x096d8c00 VMThread [stack: 0x0c890000,0x0d090000] [id=5652]
  0x0da2a800 WatcherThread [stack: 0x0dc90000,0x0e490000] [id=5868]

VM state:not at safepoint (normal execution)

VM Mutex/Monitor currently owned by a thread: None

Heap
 def new generation   total 20608K, used 17386K [0x10010000, 0x11660000, 0x1d990000)
  eden space 18368K,  88% used [0x10010000, 0x10ff93d0, 0x11200000)
  from space 2240K,  48% used [0x11200000, 0x11311530, 0x11430000)
  to   space 2240K,   0% used [0x11430000, 0x11430000, 0x11660000)
 tenured generation   total 68392K, used 41118K [0x1d990000, 0x21c5a000, 0x46610000)
   the space 68392K,  60% used [0x1d990000, 0x201b7a90, 0x201b7c00, 0x21c5a000)
 compacting perm gen  total 49408K, used 49251K [0x46610000, 0x49650000, 0x4c610000)
   the space 49408K,  99% used [0x46610000, 0x49628f70, 0x49629000, 0x49650000)
No shared spaces configured.

Dynamic libraries:
0x00400000 - 0x00425000 	C:\Program Files\MATLAB\R2013a\bin\win32\MATLAB.exe
0x77520000 - 0x77661000 	C:\Windows\SYSTEM32\ntdll.dll
0x76450000 - 0x76524000 	C:\Windows\system32\kernel32.dll
0x75770000 - 0x757bb000 	C:\Windows\system32\KERNELBASE.dll
0x7ef10000 - 0x7efa1000 	C:\Program Files\MATLAB\R2013a\bin\win32\libut.dll
0x7dce0000 - 0x7dd75000 	C:\Program Files\MATLAB\R2013a\bin\win32\libmwi18n.dll
0x10000000 - 0x1000b000 	C:\Program Files\MATLAB\R2013a\bin\win32\libmwresource_core.dll
0x001d0000 - 0x00239000 	C:\Program Files\MATLAB\R2013a\bin\win32\MSVCP100.dll
0x00240000 - 0x002ff000 	C:\Program Files\MATLAB\R2013a\bin\win32\MSVCR100.dll
0x00020000 - 0x0002c000 	C:\Program Files\MATLAB\R2013a\bin\win32\boost_date_time-vc100-mt-1_49.dll
0x00300000 - 0x00325000 	C:\Program Files\MATLAB\R2013a\bin\win32\boost_filesystem-vc100-mt-1_49.dll
0x00330000 - 0x00337000 	C:\Program Files\MATLAB\R2013a\bin\win32\boost_system-vc100-mt-1_49.dll
0x758f0000 - 0x75991000 	C:\Windows\system32\ADVAPI32.dll
0x75a90000 - 0x75b3c000 	C:\Windows\system32\msvcrt.dll
0x763e0000 - 0x763f9000 	C:\Windows\SYSTEM32\sechost.dll
0x776c0000 - 0x77762000 	C:\Windows\system32\RPCRT4.dll
0x00340000 - 0x00361000 	C:\Program Files\MATLAB\R2013a\bin\win32\LIBEXPAT.dll
0x72eb0000 - 0x72ff9000 	C:\Program Files\MATLAB\R2013a\bin\win32\icuin49.dll
0x7ea10000 - 0x7eb17000 	C:\Program Files\MATLAB\R2013a\bin\win32\icuuc49.dll
0x00c30000 - 0x01d52000 	C:\Program Files\MATLAB\R2013a\bin\win32\icudt49.dll
0x73db0000 - 0x73dbd000 	C:\Program Files\MATLAB\R2013a\bin\win32\icuio49.dll
0x01d60000 - 0x01eb3000 	C:\Program Files\MATLAB\R2013a\bin\win32\libmwfl.dll
0x01ec0000 - 0x021e3000 	C:\Program Files\MATLAB\R2013a\bin\win32\libmwMATLAB_res.dll
0x021f0000 - 0x022a4000 	C:\Program Files\MATLAB\R2013a\bin\win32\boost_regex-vc100-mt-1_49.dll
0x75820000 - 0x758e9000 	C:\Windows\system32\USER32.dll
0x76400000 - 0x7644e000 	C:\Windows\system32\GDI32.dll
0x75a80000 - 0x75a8a000 	C:\Windows\system32\LPK.dll
0x759a0000 - 0x75a3d000 	C:\Windows\system32\USP10.dll
0x003b0000 - 0x003be000 	C:\Program Files\MATLAB\R2013a\bin\win32\boost_signals-vc100-mt-1_49.dll
0x003c0000 - 0x003ce000 	C:\Program Files\MATLAB\R2013a\bin\win32\boost_thread-vc100-mt-1_49.dll
0x022b0000 - 0x02324000 	C:\Program Files\MATLAB\R2013a\bin\win32\boost_log-vc100-mt-1_49.dll
0x776a0000 - 0x776a5000 	C:\Windows\system32\PSAPI.DLL
0x75a40000 - 0x75a75000 	C:\Windows\system32\WS2_32.dll
0x776b0000 - 0x776b6000 	C:\Windows\system32\NSI.dll
0x003d0000 - 0x003f8000 	C:\Program Files\MATLAB\R2013a\bin\win32\tbb.dll
0x77670000 - 0x7769b000 	C:\Windows\system32\imagehlp.dll
0x74100000 - 0x74125000 	C:\Windows\system32\POWRPROF.dll
0x761e0000 - 0x7637d000 	C:\Windows\system32\SETUPAPI.dll
0x75670000 - 0x75697000 	C:\Windows\system32\CFGMGR32.dll
0x765b0000 - 0x7663f000 	C:\Windows\system32\OLEAUT32.dll
0x75f40000 - 0x7609c000 	C:\Windows\system32\ole32.dll
0x757d0000 - 0x757e2000 	C:\Windows\system32\DEVOBJ.dll
0x02330000 - 0x02349000 	C:\Program Files\MATLAB\R2013a\bin\win32\libmwmfl_scalar.dll
0x02350000 - 0x0243b000 	C:\Windows\system32\dbghelp.dll
0x02440000 - 0x026d6000 	C:\Program Files\MATLAB\R2013a\bin\win32\libmwservices.dll
0x7db50000 - 0x7dc0c000 	C:\Program Files\MATLAB\R2013a\bin\win32\libmx.dll
0x026e0000 - 0x026f8000 	C:\Program Files\MATLAB\R2013a\bin\win32\tbbmalloc.dll
0x02700000 - 0x02714000 	C:\Program Files\MATLAB\R2013a\bin\win32\zlib1.dll
0x02720000 - 0x0275d000 	C:\Program Files\MATLAB\R2013a\bin\win32\libmwregexp.dll
0x7df40000 - 0x7df78000 	C:\Program Files\MATLAB\R2013a\bin\win32\mpath.dll
0x72990000 - 0x72ea3000 	C:\Program Files\MATLAB\R2013a\bin\win32\mlutil.dll
0x7d670000 - 0x7d6d2000 	C:\Program Files\MATLAB\R2013a\bin\win32\xmlcore.dll
0x02760000 - 0x02920000 	C:\Program Files\MATLAB\R2013a\bin\win32\xerces-c_2_7.dll
0x02930000 - 0x0294f000 	C:\Program Files\MATLAB\R2013a\bin\win32\libmwMATLAB_settings_res.dll
0x02950000 - 0x0295d000 	C:\Program Files\MATLAB\R2013a\bin\win32\boost_iostreams-vc100-mt-1_49.dll
0x02960000 - 0x0299e000 	C:\Program Files\MATLAB\R2013a\bin\win32\boost_serialization-vc100-mt-1_49.dll
0x76840000 - 0x7748b000 	C:\Windows\system32\SHELL32.dll
0x760b0000 - 0x76107000 	C:\Windows\system32\SHLWAPI.dll
0x029a0000 - 0x029a5000 	C:\Program Files\MATLAB\R2013a\bin\win32\libmwnativedisplay.dll
0x029b0000 - 0x02a34000 	C:\Windows\WinSxS\x86_microsoft.windows.common-controls_6595b64144ccf1df_5.82.7601.18837_none_ec86b8d6858ec0bc\COMCTL32.dll
0x76530000 - 0x765ab000 	C:\Windows\system32\COMDLG32.dll
0x74ba0000 - 0x74bb1000 	C:\Windows\system32\NETAPI32.dll
0x74cb0000 - 0x74cb9000 	C:\Windows\system32\netutils.dll
0x751d0000 - 0x751e9000 	C:\Windows\system32\srvcli.dll
0x74b90000 - 0x74b9f000 	C:\Windows\system32\wkscli.dll
0x7f270000 - 0x7f2f7000 	C:\Program Files\MATLAB\R2013a\bin\win32\mcr.dll
0x02a40000 - 0x02dce000 	C:\Program Files\MATLAB\R2013a\bin\win32\iqm.dll
0x7f630000 - 0x7f6b1000 	C:\Program Files\MATLAB\R2013a\bin\win32\m_dispatcher.dll
0x7b920000 - 0x7be74000 	C:\Program Files\MATLAB\R2013a\bin\win32\m_interpreter.dll
0x73dc0000 - 0x73ddc000 	C:\Program Files\MATLAB\R2013a\bin\win32\libmex.dll
0x7d8b0000 - 0x7d910000 	C:\Program Files\MATLAB\R2013a\bin\win32\profiler.dll
0x02dd0000 - 0x0303c000 	C:\Program Files\MATLAB\R2013a\bin\win32\libmwmathutil.dll
0x734f0000 - 0x7350f000 	C:\Program Files\MATLAB\R2013a\bin\win32\libmwmathrng.dll
0x03040000 - 0x0304e000 	C:\Program Files\MATLAB\R2013a\bin\win32\libmwmfl_rng.dll
0x7c390000 - 0x7c43b000 	C:\Program Files\MATLAB\R2013a\bin\win32\libmwmathcore.dll
0x7e000000 - 0x7e048000 	C:\Program Files\MATLAB\R2013a\bin\win32\libmwspmatrix.dll
0x72390000 - 0x72540000 	C:\Program Files\MATLAB\R2013a\bin\win32\mcos.dll
0x03050000 - 0x0309b000 	C:\Program Files\MATLAB\R2013a\bin\win32\libmwcholmod.dll
0x73e70000 - 0x73e7a000 	C:\Program Files\MATLAB\R2013a\bin\win32\libmwamd.dll
0x70650000 - 0x706f3000 	C:\Windows\WinSxS\x86_microsoft.vc90.crt_1fc8b3b9a1e18e3b_9.0.30729.6161_none_50934f2ebcb7eb57\MSVCR90.dll
0x73e80000 - 0x73e8a000 	C:\Program Files\MATLAB\R2013a\bin\win32\libmwcolamd.dll
0x030d0000 - 0x030db000 	C:\Program Files\MATLAB\R2013a\bin\win32\libmwblas.dll
0x73d30000 - 0x73d41000 	C:\Program Files\MATLAB\R2013a\bin\win32\libmwbinder.dll
0x73ea0000 - 0x73ea9000 	C:\Program Files\MATLAB\R2013a\bin\win32\libmwompwrapper.dll
0x73030000 - 0x73064000 	C:\Program Files\MATLAB\R2013a\bin\win32\libmwlapack.dll
0x73bf0000 - 0x73c07000 	C:\Program Files\MATLAB\R2013a\bin\win32\m_pcodeio.dll
0x7e080000 - 0x7e0c9000 	C:\Program Files\MATLAB\R2013a\bin\win32\m_ir.dll
0x70000000 - 0x70590000 	C:\Program Files\MATLAB\R2013a\bin\win32\m_parser.dll
0x030e0000 - 0x030f1000 	C:\Program Files\MATLAB\R2013a\bin\win32\ir_xfmr.dll
0x73e90000 - 0x73e9e000 	C:\Program Files\MATLAB\R2013a\bin\win32\mtok.dll
0x73690000 - 0x736b1000 	C:\Program Files\MATLAB\R2013a\bin\win32\m_pcodegen.dll
0x7e1c0000 - 0x7e1e7000 	C:\Program Files\MATLAB\R2013a\bin\win32\libmwbridge.dll
0x7f390000 - 0x7f421000 	C:\Program Files\MATLAB\R2013a\bin\win32\udd.dll
0x7e6f0000 - 0x7e808000 	C:\Program Files\MATLAB\R2013a\bin\win32\libmwgui.dll
0x73c10000 - 0x73c2d000 	C:\Program Files\MATLAB\R2013a\bin\win32\graphics_util.dll
0x03100000 - 0x031b2000 	C:\Program Files\MATLAB\R2013a\bin\win32\libtex_base.dll
0x031c0000 - 0x0390c000 	C:\Program Files\MATLAB\R2013a\bin\win32\hg.dll
0x03910000 - 0x03956000 	C:\Program Files\MATLAB\R2013a\bin\win32\libmat.dll
0x75d10000 - 0x75ef9000 	C:\Program Files\MATLAB\R2013a\bin\win32\hdf5dll.dll
0x7d9d0000 - 0x7da76000 	C:\Program Files\MATLAB\R2013a\bin\win32\jmi.dll
0x03970000 - 0x0397c000 	C:\Program Files\MATLAB\R2013a\bin\win32\nativejava_services.dll
0x732b0000 - 0x732e2000 	C:\Program Files\MATLAB\R2013a\bin\win32\libmwhardcopy.dll
0x7de70000 - 0x7deb8000 	C:\Program Files\MATLAB\R2013a\bin\win32\libuij.dll
0x03980000 - 0x03b52000 	C:\Program Files\MATLAB\R2013a\bin\win32\hgdatatypes.dll
0x7d2e0000 - 0x7d39d000 	C:\Program Files\MATLAB\R2013a\bin\win32\hgutils.dll
0x03b60000 - 0x03be8000 	C:\Program Files\MATLAB\R2013a\bin\win32\udd_mi.dll
0x03bf0000 - 0x03c1d000 	C:\Program Files\MATLAB\R2013a\bin\win32\libmwgbtutils.dll
0x03c20000 - 0x03c30000 	C:\Program Files\MATLAB\R2013a\bin\win32\libmwgbt.dll
0x74dc0000 - 0x75065000 	C:\Program Files\MATLAB\R2013a\bin\win32\uiw.dll
0x73ee0000 - 0x73ee8000 	C:\Program Files\MATLAB\R2013a\bin\win32\uinone.dll
0x03c30000 - 0x03c4e000 	C:\Program Files\MATLAB\R2013a\bin\win32\libmwnativefiledialogs.dll
0x03c50000 - 0x03c59000 	C:\Program Files\MATLAB\R2013a\bin\win32\libmwplatform_res.dll
0x03c60000 - 0x03c72000 	C:\Windows\system32\MPR.dll
0x03c80000 - 0x040b8000 	C:\Program Files\MATLAB\R2013a\bin\win32\mfc100.dll
0x040c0000 - 0x040c5000 	C:\Windows\system32\MSIMG32.dll
0x040d0000 - 0x04121000 	C:\Windows\system32\WINSPOOL.DRV
0x73710000 - 0x73726000 	C:\Program Files\MATLAB\R2013a\bin\win32\mwoles05.DLL
0x7dc40000 - 0x7dc93000 	C:\Program Files\MATLAB\R2013a\bin\win32\comcli.dll
0x04130000 - 0x04156000 	C:\Program Files\MATLAB\R2013a\bin\win32\ATL100.DLL
0x73e00000 - 0x73e0a000 	C:\Program Files\MATLAB\R2013a\bin\win32\mlautoregister.dll
0x04160000 - 0x0429c000 	C:\Program Files\MATLAB\R2013a\bin\win32\mvm.dll
0x043b0000 - 0x043cf000 	C:\Windows\system32\IMM32.DLL
0x76110000 - 0x761dc000 	C:\Windows\system32\MSCTF.dll
0x05a10000 - 0x05a50000 	C:\Windows\system32\UxTheme.dll
0x73070000 - 0x73083000 	C:\Windows\system32\dwmapi.dll
0x05200000 - 0x0520d000 	C:\Program Files\MATLAB\R2013a\bin\win32\MFC100ENU.DLL
0x05a50000 - 0x05a92000 	C:\Program Files\MATLAB\R2013a\bin\win32\MVMLocal.dll
0x06b90000 - 0x06e1b000 	C:\Program Files\MATLAB\R2013a\sys\java\jre\win32\jre\bin\client\jvm.dll

VM Arguments:
jvm_args: -Xss512k -XX:PermSize=32m -Xms64m -XX:NewRatio=3 -XX:MaxPermSize=96m -Xmx869m -XX:MaxDirectMemorySize=1200000000 -Dsun.java2d.noddraw=true -Dsun.awt.nopixfmt=true -Xshare:off -Xrs -Dsun.awt.disableMixing=true -Djava.library.path=C:\Program Files\MATLAB\R2013a\bin\win32;C:\Program Files\MATLAB\R2013a\sys\jxbrowser\win32\lib vfprintf abort -XX:ParallelGCThreads=6 
java_command: <unknown>
Launcher Type: generic

Environment Variables:
JRE_HOME=C:\Program Files\Java\jre7
PATH=c:\Program Files\Intel\iCLS Client\;C:\Windows\system32;C:\Windows;C:\Windows\System32\Wbem;C:\Windows\System32\WindowsPowerShell\v1.0\;C:\Program Files\Intel\Intel(R) Management Engine Components\DAL;C:\Program Files\Intel\Intel(R) Management Engine Components\IPT;c:\Program Files\Hewlett-Packard\HP ProtectTools Security Manager\Bin\;C:\Program Files\MATLAB\R2013a\runtime\win32;C:\Program Files\MATLAB\R2013a\bin;C:\Program Files\MATLAB\MATLAB Compiler Runtime\v710\runtime\win32;C:\Program Files\Windows Kits\8.1\Windows Performance Toolkit\;C:\Program Files\Microsoft SQL Server\110\Tools\Binn\;C:\Program Files\Microsoft SDKs\TypeScript\1.0\;C:\Program Files\Microsoft SQL Server\120\Tools\Binn\;C:\Program Files\MiKTeX 2.9\miktex\bin\;C:\214EC3011\WinARM\bin;C:\214EC3011\WinARM\utils\bin;C:\214EC3011\WinARM\utils\gdb;C:\214EC3011\WinARM\utils\insight\bin;C:\214EC3011\WinARM\arm-elf\bin;C:\Program Files\Lua\5.1;C:\Program Files\Lua\5.1\clibs;C:\Program Files\nodejs\;C:\Users\RakeshBute\AppData\Roaming\npm
USERNAME=RakeshBute
OS=Windows_NT
PROCESSOR_IDENTIFIER=x86 Family 6 Model 58 Stepping 9, GenuineIntel



---------------  S Y S T E M  ---------------

OS: Windows 7 Build 7601 Service Pack 1

CPU:total 8 (8 cores per cpu, 2 threads per core) family 6 model 58 stepping 9, cmov, cx8, fxsr, mmx, sse, sse2, sse3, ssse3, sse4.1, sse4.2, ht

Memory: 4k page, physical 3559452k(2533620k free), swap 4194303k(4194303k free)

vm_info: Java HotSpot(TM) Client VM (14.3-b01) for windows-x86 JRE (1.6.0_17-b04), built on Oct 11 2009 00:52:06 by "java_re" with MS VC++ 7.1

time: Fri Jan 08 16:56:31 2016
elapsed time: 6144 seconds

