#
# A fatal error has been detected by the Java Runtime Environment:
#
#  EXCEPTION_ACCESS_VIOLATION (0xc0000005) at pc=0x74c2c585, pid=4560, tid=3664
#
# JRE version: 6.0_17-b04
# Java VM: Java HotSpot(TM) Client VM (14.3-b01 mixed mode windows-x86 )
# Problematic frame:
# V  [jvm.dll+0xfc585]
#
# If you would like to submit a bug report, please visit:
#   http://java.sun.com/webapps/bugreport/crash.jsp
#

---------------  T H R E A D  ---------------

Current thread (0x4d271400):  JavaThread "Code Analyzer updating thread" [_thread_in_vm, id=3664, stack(0x55850000,0x558d0000)]

siginfo: ExceptionCode=0xc0000005, reading address 0x00000000

Registers:
EAX=0x00000000, EBX=0x4d271510, ECX=0x4d271400, EDX=0x74d467a4
ESP=0x558cf028, EBP=0x558cf070, ESI=0x4d271400, EDI=0x00000000
EIP=0x74c2c585, EFLAGS=0x00010246

Top of Stack: (sp=0x558cf028)
0x558cf028:   4d1e6df8 4d271510 73f02fba 558cf0cc
0x558cf038:   74d1dff0 74d1f2f0 ffffffff 558cf054
0x558cf048:   74b310e0 4d271400 558cfc54 558cf084
0x558cf058:   74c2f5b9 4d271400 4d271400 0ed2f47c
0x558cf068:   000004bb 74d467a4 558cf088 73f010fd
0x558cf078:   4d271510 4d1e6df8 00000000 558cf09c
0x558cf088:   558cfa78 73f02fea 4d271510 4d1e6df8
0x558cf098:   00000000 71942dc7 558cfa6c 558cf33c 

Instructions: (pc=0x74c2c585)
0x74c2c575:   00 00 00 74 08 8d 4d f0 e8 3e 24 08 00 8b 7d 10
0x74c2c585:   8b 07 c7 45 e0 0c 00 00 00 8b 48 08 0f b7 51 26 


Stack: [0x55850000,0x558d0000],  sp=0x558cf028,  free space=508k
Native frames: (J=compiled Java code, j=interpreted, Vv=VM code, C=native code)
V  [jvm.dll+0xfc585]
C  0x73f010fd
C  0x73f02fea
j  com.mathworks.widgets.text.mcode.MLint.nativeGetMessages(Ljava/lang/String;Ljava/lang/String;)Ljava/util/List;+0
j  com.mathworks.widgets.text.mcode.MLint.getMessages(Ljava/lang/String;Ljava/lang/String;Lcom/mathworks/widgets/text/mcode/MLintConfiguration;Z)Ljava/util/List;+67
j  com.mathworks.widgets.text.mcode.analyzer.CodeAnalyzerThread.doMLint()V+95
j  com.mathworks.widgets.text.mcode.analyzer.CodeAnalyzerThread.access$400(Lcom/mathworks/widgets/text/mcode/analyzer/CodeAnalyzerThread;)V+1
j  com.mathworks.widgets.text.mcode.analyzer.CodeAnalyzerThread$MLintRunnable.run()V+14
j  java.lang.Thread.run()V+11
v  ~StubRoutines::call_stub
V  [jvm.dll+0xecf9c]
V  [jvm.dll+0x1741d1]
V  [jvm.dll+0xed167]
V  [jvm.dll+0xed1dd]
V  [jvm.dll+0x116290]
V  [jvm.dll+0x1d0414]
V  [jvm.dll+0x173e4c]
C  0x7d919565
C  [kernel32.dll+0x4ee6c]
C  [ntdll.dll+0x63ab3]
C  [ntdll.dll+0x63a86]

Java frames: (J=compiled Java code, j=interpreted, Vv=VM code)
j  com.mathworks.widgets.text.mcode.MLint.nativeGetMessages(Ljava/lang/String;Ljava/lang/String;)Ljava/util/List;+0
j  com.mathworks.widgets.text.mcode.MLint.getMessages(Ljava/lang/String;Ljava/lang/String;Lcom/mathworks/widgets/text/mcode/MLintConfiguration;Z)Ljava/util/List;+67
j  com.mathworks.widgets.text.mcode.analyzer.CodeAnalyzerThread.doMLint()V+95
j  com.mathworks.widgets.text.mcode.analyzer.CodeAnalyzerThread.access$400(Lcom/mathworks/widgets/text/mcode/analyzer/CodeAnalyzerThread;)V+1
j  com.mathworks.widgets.text.mcode.analyzer.CodeAnalyzerThread$MLintRunnable.run()V+14
j  java.lang.Thread.run()V+11
v  ~StubRoutines::call_stub

---------------  P R O C E S S  ---------------

Java Threads: ( => current thread )
  0x4cfb3400 JavaThread "FileDecorationCache request queue" daemon [_thread_blocked, id=9208, stack(0x51960000,0x519e0000)]
  0x4cfaf400 JavaThread "pool-3-thread-1" [_thread_blocked, id=12264, stack(0x51be0000,0x51c60000)]
  0x4cfb1800 JavaThread "Foxtrot Single Worker Thread #1" daemon [_thread_blocked, id=10096, stack(0x5f350000,0x5f3d0000)]
  0x4cfb0c00 JavaThread "XPCOMThread" [_thread_in_native, id=7544, stack(0x522c0000,0x52ac0000)]
  0x4cfaf800 JavaThread "com.jniwrapper.NativeResourceCollector" daemon [_thread_blocked, id=9640, stack(0x4dd00000,0x4dd80000)]
  0x4cfb2800 JavaThread "XPCOM" daemon [_thread_in_native, id=8744, stack(0x4d660000,0x4d6e0000)]
  0x4cfb1000 JavaThread "RecordlistTable Timer" daemon [_thread_blocked, id=9080, stack(0x4e0e0000,0x4e160000)]
  0x4cfb1c00 JavaThread "Prefs Updater" daemon [_thread_blocked, id=9900, stack(0x4dfe0000,0x4e060000)]
  0x4cfb2400 JavaThread "pool-2-thread-1" [_thread_blocked, id=5608, stack(0x4de60000,0x4dee0000)]
  0x4d272000 JavaThread "Code Analyzer updating thread" [_thread_blocked, id=5884, stack(0x55950000,0x559d0000)]
  0x4d271c00 JavaThread "Code Analyzer updating thread" [_thread_blocked, id=5156, stack(0x558d0000,0x55950000)]
=>0x4d271400 JavaThread "Code Analyzer updating thread" [_thread_in_vm, id=3664, stack(0x55850000,0x558d0000)]
  0x4d271000 JavaThread "Code Analyzer updating thread" [_thread_blocked, id=5180, stack(0x557d0000,0x55850000)]
  0x4d270800 JavaThread "Code Analyzer updating thread" [_thread_blocked, id=5168, stack(0x55650000,0x556d0000)]
  0x4d270400 JavaThread "Code Analyzer updating thread" [_thread_blocked, id=5804, stack(0x555d0000,0x55650000)]
  0x4d26fc00 JavaThread "Active Reference Queue Daemon" daemon [_thread_blocked, id=5384, stack(0x55550000,0x555d0000)]
  0x4d26f800 JavaThread "Timer-1" daemon [_thread_blocked, id=5372, stack(0x554d0000,0x55550000)]
  0x4d26f000 JavaThread "ClipboardMonitor Timer" daemon [_thread_blocked, id=5916, stack(0x55450000,0x554d0000)]
  0x4d26e000 JavaThread "Swing-Shell" daemon [_thread_blocked, id=1336, stack(0x55390000,0x55410000)]
  0x4d26cc00 JavaThread "Explorer NavigationContext request queue" daemon [_thread_blocked, id=1592, stack(0x55210000,0x55290000)]
  0x06e2cc00 JavaThread "AddressBar directory emptiness poller" daemon [_thread_blocked, id=2612, stack(0x55090000,0x55110000)]
  0x06e2d400 JavaThread "Explorer Refresh Service 12960558" daemon [_thread_blocked, id=1860, stack(0x55110000,0x55190000)]
  0x06e2c800 JavaThread "Thread-4" daemon [_thread_blocked, id=5392, stack(0x52160000,0x521e0000)]
  0x06e2c000 JavaThread "TimerQueue" daemon [_thread_blocked, id=2332, stack(0x4f3f0000,0x4f470000)]
  0x06e2a800 JavaThread "Thread-3" daemon [_thread_blocked, id=3324, stack(0x4efe0000,0x4f060000)]
  0x06e28800 JavaThread "AWT-EventQueue-0" [_thread_blocked, id=2684, stack(0x4ef60000,0x4efe0000)]
  0x06e2a000 JavaThread "AWT-Shutdown" [_thread_blocked, id=936, stack(0x0fe10000,0x0fe90000)]
  0x06e2b800 JavaThread "FelixPackageAdmin" daemon [_thread_blocked, id=3280, stack(0x4f1c0000,0x4f240000)]
  0x06e2b400 JavaThread "FelixStartLevel" daemon [_thread_blocked, id=2564, stack(0x4f140000,0x4f1c0000)]
  0x06e2ac00 JavaThread "FelixDispatchQueue" daemon [_thread_blocked, id=2244, stack(0x4f0c0000,0x4f140000)]
  0x06e29c00 JavaThread "com.google.common.base.internal.Finalizer" daemon [_thread_blocked, id=3152, stack(0x4ede0000,0x4ee60000)]
  0x06e29000 JavaThread "AWT-Windows" daemon [_thread_in_native, id=3228, stack(0x0fe90000,0x0ff10000)]
  0x06e28400 JavaThread "Java2D Disposer" daemon [_thread_blocked, id=984, stack(0x0fc90000,0x0fd10000)]
  0x06e27000 JavaThread "Timer-0" [_thread_blocked, id=5696, stack(0x0fa50000,0x0fad0000)]
  0x06e26c00 JavaThread "EventMgr Dispatcher" daemon [_thread_in_native, id=5352, stack(0x0f180000,0x0f980000)]
  0x06e26000 JavaThread "Low Memory Detector" daemon [_thread_blocked, id=6116, stack(0x0dbb0000,0x0dc30000)]
  0x0d1b8400 JavaThread "CompilerThread0" daemon [_thread_blocked, id=6112, stack(0x0d3b0000,0x0dbb0000)]
  0x06e25800 JavaThread "Attach Listener" daemon [_thread_blocked, id=6108, stack(0x09980000,0x09a00000)]
  0x06ded400 JavaThread "Finalizer" daemon [_thread_blocked, id=6000, stack(0x09900000,0x09980000)]
  0x06dec000 JavaThread "Reference Handler" daemon [_thread_blocked, id=5996, stack(0x09880000,0x09900000)]
  0x06d2f800 JavaThread "main" [_thread_in_native, id=4564, stack(0x00430000,0x00c30000)]

Other Threads:
  0x06de8c00 VMThread [stack: 0x0c9b0000,0x0d1b0000] [id=5992]
  0x0d1c4400 WatcherThread [stack: 0x0dc30000,0x0e430000] [id=6120]

VM state:not at safepoint (normal execution)

VM Mutex/Monitor currently owned by a thread: None

Heap
 def new generation   total 21312K, used 14671K [0x10010000, 0x11730000, 0x1d990000)
  eden space 18944K,  73% used [0x10010000, 0x10d9b8d8, 0x11290000)
  from space 2368K,  33% used [0x11290000, 0x11358348, 0x114e0000)
  to   space 2368K,   0% used [0x114e0000, 0x114e0000, 0x11730000)
 tenured generation   total 70748K, used 56554K [0x1d990000, 0x21ea7000, 0x46610000)
   the space 70748K,  79% used [0x1d990000, 0x210cab20, 0x210cac00, 0x21ea7000)
 compacting perm gen  total 52224K, used 52196K [0x46610000, 0x49910000, 0x4c610000)
   the space 52224K,  99% used [0x46610000, 0x499090f8, 0x49909200, 0x49910000)
No shared spaces configured.

Dynamic libraries:
0x00400000 - 0x00425000 	C:\Program Files\MATLAB\R2013a\bin\win32\MATLAB.exe
0x77850000 - 0x77991000 	C:\Windows\SYSTEM32\ntdll.dll
0x76390000 - 0x76464000 	C:\Windows\system32\kernel32.dll
0x75b00000 - 0x75b4b000 	C:\Windows\system32\KERNELBASE.dll
0x7ef10000 - 0x7efa1000 	C:\Program Files\MATLAB\R2013a\bin\win32\libut.dll
0x7dce0000 - 0x7dd75000 	C:\Program Files\MATLAB\R2013a\bin\win32\libmwi18n.dll
0x10000000 - 0x1000b000 	C:\Program Files\MATLAB\R2013a\bin\win32\libmwresource_core.dll
0x71a00000 - 0x71a69000 	C:\Program Files\MATLAB\R2013a\bin\win32\MSVCP100.dll
0x71940000 - 0x719ff000 	C:\Program Files\MATLAB\R2013a\bin\win32\MSVCR100.dll
0x722b0000 - 0x722bc000 	C:\Program Files\MATLAB\R2013a\bin\win32\boost_date_time-vc100-mt-1_49.dll
0x72200000 - 0x72225000 	C:\Program Files\MATLAB\R2013a\bin\win32\boost_filesystem-vc100-mt-1_49.dll
0x722e0000 - 0x722e7000 	C:\Program Files\MATLAB\R2013a\bin\win32\boost_system-vc100-mt-1_49.dll
0x75d50000 - 0x75df1000 	C:\Windows\system32\ADVAPI32.dll
0x76090000 - 0x7613c000 	C:\Windows\system32\msvcrt.dll
0x76190000 - 0x761a9000 	C:\Windows\SYSTEM32\sechost.dll
0x75e00000 - 0x75ea2000 	C:\Windows\system32\RPCRT4.dll
0x71520000 - 0x71541000 	C:\Program Files\MATLAB\R2013a\bin\win32\LIBEXPAT.dll
0x72eb0000 - 0x72ff9000 	C:\Program Files\MATLAB\R2013a\bin\win32\icuin49.dll
0x7ea10000 - 0x7eb17000 	C:\Program Files\MATLAB\R2013a\bin\win32\icuuc49.dll
0x00c30000 - 0x01d52000 	C:\Program Files\MATLAB\R2013a\bin\win32\icudt49.dll
0x73db0000 - 0x73dbd000 	C:\Program Files\MATLAB\R2013a\bin\win32\icuio49.dll
0x01d60000 - 0x01eb3000 	C:\Program Files\MATLAB\R2013a\bin\win32\libmwfl.dll
0x01ec0000 - 0x021e3000 	C:\Program Files\MATLAB\R2013a\bin\win32\libmwMATLAB_res.dll
0x00100000 - 0x001b4000 	C:\Program Files\MATLAB\R2013a\bin\win32\boost_regex-vc100-mt-1_49.dll
0x761b0000 - 0x76279000 	C:\Windows\system32\USER32.dll
0x76140000 - 0x7618e000 	C:\Windows\system32\GDI32.dll
0x77a90000 - 0x77a9a000 	C:\Windows\system32\LPK.dll
0x76700000 - 0x7679d000 	C:\Windows\system32\USP10.dll
0x001c0000 - 0x001ce000 	C:\Program Files\MATLAB\R2013a\bin\win32\boost_signals-vc100-mt-1_49.dll
0x001d0000 - 0x001de000 	C:\Program Files\MATLAB\R2013a\bin\win32\boost_thread-vc100-mt-1_49.dll
0x00300000 - 0x00374000 	C:\Program Files\MATLAB\R2013a\bin\win32\boost_log-vc100-mt-1_49.dll
0x77a10000 - 0x77a15000 	C:\Windows\system32\PSAPI.DLL
0x75f00000 - 0x75f35000 	C:\Windows\system32\WS2_32.dll
0x77a20000 - 0x77a26000 	C:\Windows\system32\NSI.dll
0x00380000 - 0x003a8000 	C:\Program Files\MATLAB\R2013a\bin\win32\tbb.dll
0x766b0000 - 0x766db000 	C:\Windows\system32\imagehlp.dll
0x73ff0000 - 0x74015000 	C:\Windows\system32\POWRPROF.dll
0x76830000 - 0x769cd000 	C:\Windows\system32\SETUPAPI.dll
0x75870000 - 0x75897000 	C:\Windows\system32\CFGMGR32.dll
0x76280000 - 0x7630f000 	C:\Windows\system32\OLEAUT32.dll
0x76aa0000 - 0x76bfc000 	C:\Windows\system32\ole32.dll
0x75a90000 - 0x75aa2000 	C:\Windows\system32\DEVOBJ.dll
0x001e0000 - 0x001f9000 	C:\Program Files\MATLAB\R2013a\bin\win32\libmwmfl_scalar.dll
0x70e20000 - 0x70f0b000 	C:\Windows\system32\dbghelp.dll
0x021f0000 - 0x02486000 	C:\Program Files\MATLAB\R2013a\bin\win32\libmwservices.dll
0x7db50000 - 0x7dc0c000 	C:\Program Files\MATLAB\R2013a\bin\win32\libmx.dll
0x003b0000 - 0x003c8000 	C:\Program Files\MATLAB\R2013a\bin\win32\tbbmalloc.dll
0x003d0000 - 0x003e4000 	C:\Program Files\MATLAB\R2013a\bin\win32\zlib1.dll
0x02490000 - 0x024cd000 	C:\Program Files\MATLAB\R2013a\bin\win32\libmwregexp.dll
0x7df40000 - 0x7df78000 	C:\Program Files\MATLAB\R2013a\bin\win32\mpath.dll
0x72990000 - 0x72ea3000 	C:\Program Files\MATLAB\R2013a\bin\win32\mlutil.dll
0x7d670000 - 0x7d6d2000 	C:\Program Files\MATLAB\R2013a\bin\win32\xmlcore.dll
0x024d0000 - 0x02690000 	C:\Program Files\MATLAB\R2013a\bin\win32\xerces-c_2_7.dll
0x02690000 - 0x026af000 	C:\Program Files\MATLAB\R2013a\bin\win32\libmwMATLAB_settings_res.dll
0x026b0000 - 0x026bd000 	C:\Program Files\MATLAB\R2013a\bin\win32\boost_iostreams-vc100-mt-1_49.dll
0x026c0000 - 0x026fe000 	C:\Program Files\MATLAB\R2013a\bin\win32\boost_serialization-vc100-mt-1_49.dll
0x76c00000 - 0x7784b000 	C:\Windows\system32\SHELL32.dll
0x779b0000 - 0x77a07000 	C:\Windows\system32\SHLWAPI.dll
0x02700000 - 0x02705000 	C:\Program Files\MATLAB\R2013a\bin\win32\libmwnativedisplay.dll
0x02710000 - 0x02794000 	C:\Windows\WinSxS\x86_microsoft.windows.common-controls_6595b64144ccf1df_5.82.7601.18837_none_ec86b8d6858ec0bc\COMCTL32.dll
0x76310000 - 0x7638b000 	C:\Windows\system32\COMDLG32.dll
0x74ea0000 - 0x74eb1000 	C:\Windows\system32\NETAPI32.dll
0x75210000 - 0x75219000 	C:\Windows\system32\netutils.dll
0x75500000 - 0x75519000 	C:\Windows\system32\srvcli.dll
0x74e90000 - 0x74e9f000 	C:\Windows\system32\wkscli.dll
0x7f270000 - 0x7f2f7000 	C:\Program Files\MATLAB\R2013a\bin\win32\mcr.dll
0x027a0000 - 0x02b2e000 	C:\Program Files\MATLAB\R2013a\bin\win32\iqm.dll
0x7f630000 - 0x7f6b1000 	C:\Program Files\MATLAB\R2013a\bin\win32\m_dispatcher.dll
0x7b920000 - 0x7be74000 	C:\Program Files\MATLAB\R2013a\bin\win32\m_interpreter.dll
0x73dc0000 - 0x73ddc000 	C:\Program Files\MATLAB\R2013a\bin\win32\libmex.dll
0x7d8b0000 - 0x7d910000 	C:\Program Files\MATLAB\R2013a\bin\win32\profiler.dll
0x02b30000 - 0x02d9c000 	C:\Program Files\MATLAB\R2013a\bin\win32\libmwmathutil.dll
0x734f0000 - 0x7350f000 	C:\Program Files\MATLAB\R2013a\bin\win32\libmwmathrng.dll
0x02da0000 - 0x02dae000 	C:\Program Files\MATLAB\R2013a\bin\win32\libmwmfl_rng.dll
0x7c390000 - 0x7c43b000 	C:\Program Files\MATLAB\R2013a\bin\win32\libmwmathcore.dll
0x7e000000 - 0x7e048000 	C:\Program Files\MATLAB\R2013a\bin\win32\libmwspmatrix.dll
0x72390000 - 0x72540000 	C:\Program Files\MATLAB\R2013a\bin\win32\mcos.dll
0x02db0000 - 0x02dfb000 	C:\Program Files\MATLAB\R2013a\bin\win32\libmwcholmod.dll
0x73e70000 - 0x73e7a000 	C:\Program Files\MATLAB\R2013a\bin\win32\libmwamd.dll
0x709b0000 - 0x70a53000 	C:\Windows\WinSxS\x86_microsoft.vc90.crt_1fc8b3b9a1e18e3b_9.0.30729.6161_none_50934f2ebcb7eb57\MSVCR90.dll
0x73e80000 - 0x73e8a000 	C:\Program Files\MATLAB\R2013a\bin\win32\libmwcolamd.dll
0x02e30000 - 0x02e3b000 	C:\Program Files\MATLAB\R2013a\bin\win32\libmwblas.dll
0x73d30000 - 0x73d41000 	C:\Program Files\MATLAB\R2013a\bin\win32\libmwbinder.dll
0x73ea0000 - 0x73ea9000 	C:\Program Files\MATLAB\R2013a\bin\win32\libmwompwrapper.dll
0x73030000 - 0x73064000 	C:\Program Files\MATLAB\R2013a\bin\win32\libmwlapack.dll
0x73bf0000 - 0x73c07000 	C:\Program Files\MATLAB\R2013a\bin\win32\m_pcodeio.dll
0x7e080000 - 0x7e0c9000 	C:\Program Files\MATLAB\R2013a\bin\win32\m_ir.dll
0x70000000 - 0x70590000 	C:\Program Files\MATLAB\R2013a\bin\win32\m_parser.dll
0x02e40000 - 0x02e51000 	C:\Program Files\MATLAB\R2013a\bin\win32\ir_xfmr.dll
0x73e90000 - 0x73e9e000 	C:\Program Files\MATLAB\R2013a\bin\win32\mtok.dll
0x73690000 - 0x736b1000 	C:\Program Files\MATLAB\R2013a\bin\win32\m_pcodegen.dll
0x7e1c0000 - 0x7e1e7000 	C:\Program Files\MATLAB\R2013a\bin\win32\libmwbridge.dll
0x7f390000 - 0x7f421000 	C:\Program Files\MATLAB\R2013a\bin\win32\udd.dll
0x7e6f0000 - 0x7e808000 	C:\Program Files\MATLAB\R2013a\bin\win32\libmwgui.dll
0x73c10000 - 0x73c2d000 	C:\Program Files\MATLAB\R2013a\bin\win32\graphics_util.dll
0x02e60000 - 0x02f12000 	C:\Program Files\MATLAB\R2013a\bin\win32\libtex_base.dll
0x02f20000 - 0x0366c000 	C:\Program Files\MATLAB\R2013a\bin\win32\hg.dll
0x03670000 - 0x036b6000 	C:\Program Files\MATLAB\R2013a\bin\win32\libmat.dll
0x036c0000 - 0x038a9000 	C:\Program Files\MATLAB\R2013a\bin\win32\hdf5dll.dll
0x7d9d0000 - 0x7da76000 	C:\Program Files\MATLAB\R2013a\bin\win32\jmi.dll
0x038c0000 - 0x038cc000 	C:\Program Files\MATLAB\R2013a\bin\win32\nativejava_services.dll
0x732b0000 - 0x732e2000 	C:\Program Files\MATLAB\R2013a\bin\win32\libmwhardcopy.dll
0x7de70000 - 0x7deb8000 	C:\Program Files\MATLAB\R2013a\bin\win32\libuij.dll
0x038d0000 - 0x03aa2000 	C:\Program Files\MATLAB\R2013a\bin\win32\hgdatatypes.dll
0x7d2e0000 - 0x7d39d000 	C:\Program Files\MATLAB\R2013a\bin\win32\hgutils.dll
0x03ab0000 - 0x03b38000 	C:\Program Files\MATLAB\R2013a\bin\win32\udd_mi.dll
0x03b40000 - 0x03b6d000 	C:\Program Files\MATLAB\R2013a\bin\win32\libmwgbtutils.dll
0x03b70000 - 0x03b80000 	C:\Program Files\MATLAB\R2013a\bin\win32\libmwgbt.dll
0x03b80000 - 0x03e25000 	C:\Program Files\MATLAB\R2013a\bin\win32\uiw.dll
0x73ee0000 - 0x73ee8000 	C:\Program Files\MATLAB\R2013a\bin\win32\uinone.dll
0x03e30000 - 0x03e4e000 	C:\Program Files\MATLAB\R2013a\bin\win32\libmwnativefiledialogs.dll
0x03e50000 - 0x03e59000 	C:\Program Files\MATLAB\R2013a\bin\win32\libmwplatform_res.dll
0x03e60000 - 0x03e72000 	C:\Windows\system32\MPR.dll
0x03e80000 - 0x042b8000 	C:\Program Files\MATLAB\R2013a\bin\win32\mfc100.dll
0x73990000 - 0x73995000 	C:\Windows\system32\MSIMG32.dll
0x042c0000 - 0x04311000 	C:\Windows\system32\WINSPOOL.DRV
0x73710000 - 0x73726000 	C:\Program Files\MATLAB\R2013a\bin\win32\mwoles05.DLL
0x7dc40000 - 0x7dc93000 	C:\Program Files\MATLAB\R2013a\bin\win32\comcli.dll
0x04320000 - 0x04346000 	C:\Program Files\MATLAB\R2013a\bin\win32\ATL100.DLL
0x73e00000 - 0x73e0a000 	C:\Program Files\MATLAB\R2013a\bin\win32\mlautoregister.dll
0x04350000 - 0x0448c000 	C:\Program Files\MATLAB\R2013a\bin\win32\mvm.dll
0x766e0000 - 0x766ff000 	C:\Windows\system32\IMM32.DLL
0x769d0000 - 0x76a9c000 	C:\Windows\system32\MSCTF.dll
0x74380000 - 0x743c0000 	C:\Windows\system32\UxTheme.dll
0x74040000 - 0x74053000 	C:\Windows\system32\dwmapi.dll
0x044d0000 - 0x044dd000 	C:\Program Files\MATLAB\R2013a\bin\win32\MFC100ENU.DLL
0x055a0000 - 0x055e2000 	C:\Program Files\MATLAB\R2013a\bin\win32\MVMLocal.dll
0x74b30000 - 0x74dbb000 	C:\Program Files\MATLAB\R2013a\sys\java\jre\win32\jre\bin\client\jvm.dll

VM Arguments:
jvm_args: -Xss512k -XX:PermSize=32m -Xms64m -XX:NewRatio=3 -XX:MaxPermSize=96m -Xmx869m -XX:MaxDirectMemorySize=1200000000 -Dsun.java2d.noddraw=true -Dsun.awt.nopixfmt=true -Xshare:off -Xrs -Dsun.awt.disableMixing=true -Djava.library.path=C:\Program Files\MATLAB\R2013a\bin\win32;C:\Program Files\MATLAB\R2013a\sys\jxbrowser\win32\lib vfprintf abort -XX:ParallelGCThreads=6 
java_command: <unknown>
Launcher Type: generic

Environment Variables:
JRE_HOME=C:\Program Files\Java\jre7
PATH=c:\Program Files\Intel\iCLS Client\;C:\Windows\system32;C:\Windows;C:\Windows\System32\Wbem;C:\Windows\System32\WindowsPowerShell\v1.0\;C:\Program Files\Intel\Intel(R) Management Engine Components\DAL;C:\Program Files\Intel\Intel(R) Management Engine Components\IPT;c:\Program Files\Hewlett-Packard\HP ProtectTools Security Manager\Bin\;C:\Program Files\MATLAB\R2013a\runtime\win32;C:\Program Files\MATLAB\R2013a\bin;C:\Program Files\MATLAB\MATLAB Compiler Runtime\v710\runtime\win32;C:\Program Files\Windows Kits\8.1\Windows Performance Toolkit\;C:\Program Files\Microsoft SQL Server\110\Tools\Binn\;C:\Program Files\Microsoft SDKs\TypeScript\1.0\;C:\Program Files\Microsoft SQL Server\120\Tools\Binn\;C:\Program Files\MiKTeX 2.9\miktex\bin\;C:\214EC3011\WinARM\bin;C:\214EC3011\WinARM\utils\bin;C:\214EC3011\WinARM\utils\gdb;C:\214EC3011\WinARM\utils\insight\bin;C:\214EC3011\WinARM\arm-elf\bin;C:\Program Files\Lua\5.1;C:\Program Files\Lua\5.1\clibs;C:\Program Files\nodejs\;C:\Users\RakeshBute\AppData\Roaming\npm
USERNAME=RakeshBute
OS=Windows_NT
PROCESSOR_IDENTIFIER=x86 Family 6 Model 58 Stepping 9, GenuineIntel



---------------  S Y S T E M  ---------------

OS: Windows 7 Build 7601 Service Pack 1

CPU:total 8 (8 cores per cpu, 2 threads per core) family 6 model 58 stepping 9, cmov, cx8, fxsr, mmx, sse, sse2, sse3, ssse3, sse4.1, sse4.2, ht

Memory: 4k page, physical 3559452k(892196k free), swap 4194303k(3798508k free)

vm_info: Java HotSpot(TM) Client VM (14.3-b01) for windows-x86 JRE (1.6.0_17-b04), built on Oct 11 2009 00:52:06 by "java_re" with MS VC++ 7.1

time: Fri Jan 08 11:49:05 2016
elapsed time: 8238 seconds

